[2019-10-16 08:52:23][WHMCS Installer] DEBUG: Installer bootstrapped []
[2019-10-16 08:52:23][WHMCS Installer] INFO: Previous install detected []
[2019-10-16 08:52:23][WHMCS Installer] DEBUG: An upgrade from 7.2.2-release.1 to 7.7.1-release.1 will be attempted. []
[2019-10-16 08:52:44][WHMCS Installer] DEBUG: Installer bootstrapped []
[2019-10-16 08:52:44][WHMCS Installer] INFO: Applying incremental updates to existing installation []
[2019-10-16 08:52:44][WHMCS Installer] INFO: Applying Updates for 7.2.3-release.1 []
[2019-10-16 08:52:44][WHMCS Installer] INFO: Performing Update Action: addGrTld []
[2019-10-16 08:52:44][WHMCS Installer] ERROR: Upgrade process terminated due to error. []
[2019-10-16 10:23:25][WHMCS Installer] DEBUG: Installer bootstrapped []
[2019-10-16 10:23:32][WHMCS Installer] DEBUG: Installer bootstrapped []
[2019-10-16 10:23:32][WHMCS Installer] INFO: Previous install detected []
[2019-10-16 10:23:32][WHMCS Installer] DEBUG: An upgrade from 7.2.2-release.1 to 7.7.1-release.1 will be attempted. []
[2019-10-16 10:23:42][WHMCS Installer] DEBUG: Installer bootstrapped []
[2019-10-16 10:23:42][WHMCS Installer] INFO: Applying incremental updates to existing installation []
[2019-10-16 10:23:42][WHMCS Installer] INFO: Applying Updates for 7.2.3-release.1 []
[2019-10-16 10:23:42][WHMCS Installer] INFO: Performing Update Action: addGrTld []
[2019-10-16 10:23:42][WHMCS Installer] INFO: Removing any obsolete file and directories []
[2019-10-16 10:23:42][WHMCS Installer] INFO: Applying Updates for 7.3.0-alpha.1 []
[2019-10-16 10:23:42][WHMCS Installer] INFO: Performing Update Action: createAuthnTables []
[2019-10-16 10:23:42][WHMCS Installer] INFO: Performing Update Action: addConfigureSignInIntegrationPermission []
[2019-10-16 10:23:42][WHMCS Installer] INFO: Performing Update Action: rewordUnchangedClientSignUpEmail []
[2019-10-16 10:23:42][WHMCS Installer] INFO: Performing Update Action: createPendingUpgradeOrderCancelledEmailTemplate []
[2019-10-16 10:23:42][WHMCS Installer] INFO: Performing Update Action: convertOldBackupSettings []
[2019-10-16 10:23:42][WHMCS Installer] INFO: Performing Update Action: registerJobsQueueTask []
[2019-10-16 10:23:42][WHMCS Installer] INFO: Performing Update Action: rewordUnchangedClientSignUpEmail []
[2019-10-16 10:23:42][WHMCS Installer] INFO: Performing Update Action: addMissingOauthScopes []
[2019-10-16 10:23:42][WHMCS Installer] INFO: Performing Update Action: cloneOauthScopeShoppingCartAddonsPivots []
[2019-10-16 10:23:42][WHMCS Installer] INFO: Performing Update Action: syncApplicationLinksOnUpgrade []
[2019-10-16 10:23:42][WHMCS Installer] INFO: Removing any obsolete file and directories []
[2019-10-16 10:23:42][WHMCS Installer] INFO: Applying Updates for 7.3.0-beta.1 []
[2019-10-16 10:23:42][WHMCS Installer] INFO: Removing any obsolete file and directories []
[2019-10-16 10:23:42][WHMCS Installer] INFO: Applying Updates for 7.3.0-rc.1 []
[2019-10-16 10:23:43][WHMCS Installer] INFO: Removing any obsolete file and directories []
[2019-10-16 10:23:43][WHMCS Installer] INFO: Applying Updates for 7.3.0-release.1 []
[2019-10-16 10:23:43][WHMCS Installer] INFO: Performing Update Action: removeArchivingOnlyMarketConnectProduct []
[2019-10-16 10:23:43][WHMCS Installer] INFO: Performing Update Action: removeArchivingOnlyMarketConnectAddon []
[2019-10-16 10:23:43][WHMCS Installer] INFO: Removing any obsolete file and directories []
[2019-10-16 10:23:43][WHMCS Installer] INFO: Applying Updates for 7.4.0-alpha.1 []
[2019-10-16 10:23:45][WHMCS Installer] INFO: Performing Update Action: removeVarilogixModuleIfNotInUse []
[2019-10-16 10:23:45][WHMCS Installer] INFO: Performing Update Action: addAdditionalccTLDs []
[2019-10-16 10:23:45][WHMCS Installer] INFO: Performing Update Action: addApiRoleIfCredentialsExist []
[2019-10-16 10:23:45][WHMCS Installer] INFO: Removing any obsolete file and directories []
[2019-10-16 10:23:45][WHMCS Installer] INFO: Applying Updates for 7.4.0-beta.1 []
[2019-10-16 10:23:46][WHMCS Installer] INFO: Removing any obsolete file and directories []
[2019-10-16 10:23:46][WHMCS Installer] INFO: Applying Updates for 7.4.0-rc.1 []
[2019-10-16 10:23:46][WHMCS Installer] INFO: Performing Update Action: removeHtAccessTxt []
[2019-10-16 10:23:46][WHMCS Installer] INFO: Performing Update Action: createDefaultNotificationEmailTemplate []
[2019-10-16 10:23:46][WHMCS Installer] INFO: Performing Update Action: removeOldApplicationLink []
[2019-10-16 10:23:46][WHMCS Installer] INFO: Removing any obsolete file and directories []
[2019-10-16 10:23:46][WHMCS Installer] INFO: Applying Updates for 7.4.0-release.1 []
[2019-10-16 10:23:46][WHMCS Installer] INFO: Performing Update Action: updateNotificationEmailTemplate []
[2019-10-16 10:23:46][WHMCS Installer] INFO: Removing any obsolete file and directories []
[2019-10-16 10:23:46][WHMCS Installer] INFO: Applying Updates for 7.4.1-release.1 []
[2019-10-16 10:23:47][WHMCS Installer] INFO: Removing any obsolete file and directories []
[2019-10-16 10:23:47][WHMCS Installer] INFO: Applying Updates for 7.4.2-release.1 []
[2019-10-16 10:23:47][WHMCS Installer] INFO: Performing Update Action: removeComposerInstallUpdateHooks []
[2019-10-16 10:23:47][WHMCS Installer] INFO: Performing Update Action: addPTtoccTLDs []
[2019-10-16 10:23:47][WHMCS Installer] INFO: Removing any obsolete file and directories []
[2019-10-16 10:23:47][WHMCS Installer] INFO: Applying Updates for 7.5.0-alpha.1 []
[2019-10-16 10:24:15][WHMCS Installer] INFO: Performing Update Action: replaceTicketTidInEmailNotificationsSubject []
[2019-10-16 10:24:15][WHMCS Installer] INFO: Performing Update Action: registerDataRetentionPruningCronTask []
[2019-10-16 10:24:15][WHMCS Installer] INFO: Performing Update Action: addMentionNotificationAdminEmailTemplate []
[2019-10-16 10:24:16][WHMCS Installer] INFO: Performing Update Action: convertDomainPricingBooleanColumns []
[2019-10-16 10:24:32][WHMCS Installer] INFO: Performing Update Action: convertConfigurationFileDomainRenewalGracePeriodsToDatabase []
[2019-10-16 10:24:32][WHMCS Installer] INFO: Performing Update Action: updateUpcomingDomainRenewalNotice []
[2019-10-16 10:24:32][WHMCS Installer] INFO: Performing Update Action: createSiteLockWelcomeEmailTemplate []
[2019-10-16 10:24:32][WHMCS Installer] INFO: Performing Update Action: removeThreeYearMarketConnectSslTerms []
[2019-10-16 10:24:32][WHMCS Installer] INFO: Performing Update Action: removeUnusedLegacyModules []
[2019-10-16 10:24:32][WHMCS Installer] INFO: Removing any obsolete file and directories []
[2019-10-16 10:24:32][WHMCS Installer] INFO: Applying Updates for 7.5.0-beta.1 []
[2019-10-16 10:24:32][WHMCS Installer] INFO: Removing any obsolete file and directories []
[2019-10-16 10:24:32][WHMCS Installer] INFO: Applying Updates for 7.5.0-rc.1 []
[2019-10-16 10:24:35][WHMCS Installer] INFO: Performing Update Action: checkForSpacesInAdminUsername []
[2019-10-16 10:24:35][WHMCS Installer] INFO: Performing Update Action: renameMergeFieldsInUpcomingDomainRenewalNoticeEmailTemplate []
[2019-10-16 10:24:35][WHMCS Installer] INFO: Removing any obsolete file and directories []
[2019-10-16 10:24:35][WHMCS Installer] INFO: Applying Updates for 7.5.0-release.1 []
[2019-10-16 10:24:35][WHMCS Installer] INFO: Performing Update Action: addInvoiceModifiedEmail []
[2019-10-16 10:24:35][WHMCS Installer] INFO: Removing any obsolete file and directories []
[2019-10-16 10:24:35][WHMCS Installer] INFO: Applying Updates for 7.5.1-release.1 []
[2019-10-16 10:24:36][WHMCS Installer] INFO: Removing any obsolete file and directories []
[2019-10-16 10:24:36][WHMCS Installer] INFO: Applying Updates for 7.5.1-release.2 []
[2019-10-16 10:24:36][WHMCS Installer] INFO: Removing any obsolete file and directories []
[2019-10-16 10:24:36][WHMCS Installer] INFO: Applying Updates for 7.5.2-release.1 []
[2019-10-16 10:24:36][WHMCS Installer] INFO: Removing any obsolete file and directories []
[2019-10-16 10:24:36][WHMCS Installer] INFO: Applying Updates for 7.5.3-release.1 []
[2019-10-16 10:24:36][WHMCS Installer] INFO: Removing any obsolete file and directories []
[2019-10-16 10:24:36][WHMCS Installer] INFO: Applying Updates for 7.6.0-alpha.1 []
[2019-10-16 10:24:36][WHMCS Installer] INFO: Performing Update Action: removeUnusedLegacyModules []
[2019-10-16 10:24:36][WHMCS Installer] INFO: Performing Update Action: conditionallyUpdate2CheckoutVariables []
[2019-10-16 10:24:36][WHMCS Installer] INFO: Performing Update Action: addServiceRenewalFailedAdminEmailTemplate []
[2019-10-16 10:24:36][WHMCS Installer] INFO: Performing Update Action: addDomainTransferCompletedEmailTemplate []
[2019-10-16 10:24:37][WHMCS Installer] INFO: Performing Update Action: conditionallyCreateMaxMindPaymentTable []
[2019-10-16 10:24:37][WHMCS Installer] INFO: Performing Update Action: conditionallyActivateNewWeeblyPlans []
[2019-10-16 10:24:37][WHMCS Installer] INFO: Performing Update Action: updateWhmcsWhoisToWhmcsDomains []
[2019-10-16 10:24:37][WHMCS Installer] INFO: Performing Update Action: conditionallyUpdateMaxMindTableValues []
[2019-10-16 10:24:37][WHMCS Installer] INFO: Removing any obsolete file and directories []
[2019-10-16 10:24:37][WHMCS Installer] INFO: Applying Updates for 7.6.0-beta.1 []
[2019-10-16 10:24:37][WHMCS Installer] INFO: Removing any obsolete file and directories []
[2019-10-16 10:24:37][WHMCS Installer] INFO: Applying Updates for 7.6.0-rc.1 []
[2019-10-16 10:24:37][WHMCS Installer] INFO: Removing any obsolete file and directories []
[2019-10-16 10:24:37][WHMCS Installer] INFO: Applying Updates for 7.6.0-release.1 []
[2019-10-16 10:24:37][WHMCS Installer] INFO: Performing Update Action: addNewCronTasks []
[2019-10-16 10:24:37][WHMCS Installer] INFO: Performing Update Action: removeUnusedLegacyModules []
[2019-10-16 10:24:37][WHMCS Installer] INFO: Performing Update Action: storeCaptchaForms []
[2019-10-16 10:24:38][WHMCS Installer] INFO: Removing any obsolete file and directories []
[2019-10-16 10:24:38][WHMCS Installer] INFO: Applying Updates for 7.6.1-release.1 []
[2019-10-16 10:24:38][WHMCS Installer] INFO: Performing Update Action: correctWhmcsWhoisToWhmcsDomains []
[2019-10-16 10:24:38][WHMCS Installer] INFO: Performing Update Action: ensureDomainSyncTasksAreRegistered []
[2019-10-16 10:24:38][WHMCS Installer] INFO: Removing any obsolete file and directories []
[2019-10-16 10:24:38][WHMCS Installer] INFO: Applying Updates for 7.6.2-release.1 []
[2019-10-16 10:24:38][WHMCS Installer] INFO: Removing any obsolete file and directories []
[2019-10-16 10:24:38][WHMCS Installer] INFO: Applying Updates for 7.7.0-alpha.1 []
[2019-10-16 10:24:52][WHMCS Installer] INFO: Performing Update Action: addPrimaryKeysToTables []
[2019-10-16 10:24:58][WHMCS Installer] INFO: Performing Update Action: migrateEUVatAddon []
[2019-10-16 10:24:58][WHMCS Installer] INFO: Performing Update Action: createInvoiceDataTable []
[2019-10-16 10:24:58][WHMCS Installer] INFO: Performing Update Action: correctSpamExpertsEmailTemplate []
[2019-10-16 10:24:58][WHMCS Installer] INFO: Performing Update Action: migrateStorageConfigurations []
[2019-10-16 10:24:58][WHMCS Installer] ERROR: Upgrade process terminated due to error. []
[2019-10-16 10:27:13][WHMCS Installer] DEBUG: Installer bootstrapped []
[2019-10-16 10:27:17][WHMCS Installer] DEBUG: Installer bootstrapped []
[2019-10-16 10:27:17][WHMCS Installer] INFO: Previous install detected []
[2019-10-16 10:27:17][WHMCS Installer] DEBUG: An upgrade from 7.6.2-release.1 to 7.7.1-release.1 will be attempted. []
[2019-10-16 10:27:21][WHMCS Installer] DEBUG: Installer bootstrapped []
[2019-10-16 10:27:21][WHMCS Installer] INFO: Applying incremental updates to existing installation []
[2019-10-16 10:27:21][WHMCS Installer] INFO: Applying Updates for 7.7.0-alpha.1 []
[2019-10-16 10:27:21][WHMCS Installer] INFO: Performing Update Action: addPrimaryKeysToTables []
[2019-10-16 10:27:21][WHMCS Installer] INFO: Performing Update Action: migrateEUVatAddon []
[2019-10-16 10:27:21][WHMCS Installer] INFO: Performing Update Action: createInvoiceDataTable []
[2019-10-16 10:27:21][WHMCS Installer] INFO: Performing Update Action: correctSpamExpertsEmailTemplate []
[2019-10-16 10:27:21][WHMCS Installer] INFO: Performing Update Action: migrateStorageConfigurations []
[2019-10-16 10:27:21][WHMCS Installer] ERROR: Upgrade process terminated due to error. []
[2019-10-16 10:28:04][WHMCS Installer] DEBUG: Installer bootstrapped []
[2019-10-16 10:39:51][WHMCS Installer] DEBUG: Installer bootstrapped []
[2019-10-16 10:39:55][WHMCS Installer] DEBUG: Installer bootstrapped []
[2019-10-16 10:39:55][WHMCS Installer] INFO: Previous install detected []
[2019-10-16 10:39:55][WHMCS Installer] DEBUG: An upgrade from 7.2.2-release.1 to 7.7.1-release.1 will be attempted. []
[2019-10-16 10:40:01][WHMCS Installer] DEBUG: Installer bootstrapped []
[2019-10-16 10:40:01][WHMCS Installer] INFO: Applying incremental updates to existing installation []
[2019-10-16 10:40:01][WHMCS Installer] INFO: Applying Updates for 7.2.3-release.1 []
[2019-10-16 10:40:01][WHMCS Installer] INFO: Performing Update Action: addGrTld []
[2019-10-16 10:40:01][WHMCS Installer] INFO: Removing any obsolete file and directories []
[2019-10-16 10:40:01][WHMCS Installer] INFO: Applying Updates for 7.3.0-alpha.1 []
[2019-10-16 10:40:11][WHMCS Installer] INFO: Performing Update Action: createAuthnTables []
[2019-10-16 10:40:11][WHMCS Installer] INFO: Performing Update Action: addConfigureSignInIntegrationPermission []
[2019-10-16 10:40:11][WHMCS Installer] INFO: Performing Update Action: rewordUnchangedClientSignUpEmail []
[2019-10-16 10:40:11][WHMCS Installer] INFO: Performing Update Action: createPendingUpgradeOrderCancelledEmailTemplate []
[2019-10-16 10:40:11][WHMCS Installer] INFO: Performing Update Action: convertOldBackupSettings []
[2019-10-16 10:40:11][WHMCS Installer] INFO: Performing Update Action: registerJobsQueueTask []
[2019-10-16 10:40:12][WHMCS Installer] INFO: Performing Update Action: rewordUnchangedClientSignUpEmail []
[2019-10-16 10:40:12][WHMCS Installer] INFO: Performing Update Action: addMissingOauthScopes []
[2019-10-16 10:40:12][WHMCS Installer] INFO: Performing Update Action: cloneOauthScopeShoppingCartAddonsPivots []
[2019-10-16 10:40:12][WHMCS Installer] INFO: Performing Update Action: syncApplicationLinksOnUpgrade []
[2019-10-16 10:40:12][WHMCS Installer] INFO: Removing any obsolete file and directories []
[2019-10-16 10:40:12][WHMCS Installer] INFO: Applying Updates for 7.3.0-beta.1 []
[2019-10-16 10:40:12][WHMCS Installer] INFO: Removing any obsolete file and directories []
[2019-10-16 10:40:12][WHMCS Installer] INFO: Applying Updates for 7.3.0-rc.1 []
[2019-10-16 10:40:12][WHMCS Installer] INFO: Removing any obsolete file and directories []
[2019-10-16 10:40:12][WHMCS Installer] INFO: Applying Updates for 7.3.0-release.1 []
[2019-10-16 10:40:12][WHMCS Installer] INFO: Performing Update Action: removeArchivingOnlyMarketConnectProduct []
[2019-10-16 10:40:12][WHMCS Installer] INFO: Performing Update Action: removeArchivingOnlyMarketConnectAddon []
[2019-10-16 10:40:13][WHMCS Installer] INFO: Removing any obsolete file and directories []
[2019-10-16 10:40:13][WHMCS Installer] INFO: Applying Updates for 7.4.0-alpha.1 []
[2019-10-16 10:40:15][WHMCS Installer] INFO: Performing Update Action: removeVarilogixModuleIfNotInUse []
[2019-10-16 10:40:15][WHMCS Installer] INFO: Performing Update Action: addAdditionalccTLDs []
[2019-10-16 10:40:15][WHMCS Installer] INFO: Performing Update Action: addApiRoleIfCredentialsExist []
[2019-10-16 10:40:15][WHMCS Installer] INFO: Removing any obsolete file and directories []
[2019-10-16 10:40:15][WHMCS Installer] INFO: Applying Updates for 7.4.0-beta.1 []
[2019-10-16 10:40:18][WHMCS Installer] INFO: Removing any obsolete file and directories []
[2019-10-16 10:40:18][WHMCS Installer] INFO: Applying Updates for 7.4.0-rc.1 []
[2019-10-16 10:40:18][WHMCS Installer] INFO: Performing Update Action: removeHtAccessTxt []
[2019-10-16 10:40:18][WHMCS Installer] INFO: Performing Update Action: createDefaultNotificationEmailTemplate []
[2019-10-16 10:40:20][WHMCS Installer] INFO: Performing Update Action: removeOldApplicationLink []
[2019-10-16 10:40:21][WHMCS Installer] INFO: Removing any obsolete file and directories []
[2019-10-16 10:40:21][WHMCS Installer] INFO: Applying Updates for 7.4.0-release.1 []
[2019-10-16 10:40:22][WHMCS Installer] INFO: Performing Update Action: updateNotificationEmailTemplate []
[2019-10-16 10:40:22][WHMCS Installer] INFO: Removing any obsolete file and directories []
[2019-10-16 10:40:22][WHMCS Installer] INFO: Applying Updates for 7.4.1-release.1 []
[2019-10-16 10:40:22][WHMCS Installer] INFO: Removing any obsolete file and directories []
[2019-10-16 10:40:22][WHMCS Installer] INFO: Applying Updates for 7.4.2-release.1 []
[2019-10-16 10:40:22][WHMCS Installer] INFO: Performing Update Action: removeComposerInstallUpdateHooks []
[2019-10-16 10:40:22][WHMCS Installer] INFO: Performing Update Action: addPTtoccTLDs []
[2019-10-16 10:40:23][WHMCS Installer] INFO: Removing any obsolete file and directories []
[2019-10-16 10:40:23][WHMCS Installer] INFO: Applying Updates for 7.5.0-alpha.1 []
[2019-10-16 10:40:31][WHMCS Installer] INFO: Performing Update Action: replaceTicketTidInEmailNotificationsSubject []
[2019-10-16 10:40:31][WHMCS Installer] INFO: Performing Update Action: registerDataRetentionPruningCronTask []
[2019-10-16 10:40:31][WHMCS Installer] INFO: Performing Update Action: addMentionNotificationAdminEmailTemplate []
[2019-10-16 10:40:31][WHMCS Installer] INFO: Performing Update Action: convertDomainPricingBooleanColumns []
[2019-10-16 10:40:32][WHMCS Installer] INFO: Performing Update Action: convertConfigurationFileDomainRenewalGracePeriodsToDatabase []
[2019-10-16 10:40:32][WHMCS Installer] INFO: Performing Update Action: updateUpcomingDomainRenewalNotice []
[2019-10-16 10:40:32][WHMCS Installer] INFO: Performing Update Action: createSiteLockWelcomeEmailTemplate []
[2019-10-16 10:40:32][WHMCS Installer] INFO: Performing Update Action: removeThreeYearMarketConnectSslTerms []
[2019-10-16 10:40:32][WHMCS Installer] INFO: Performing Update Action: removeUnusedLegacyModules []
[2019-10-16 10:40:32][WHMCS Installer] INFO: Removing any obsolete file and directories []
[2019-10-16 10:40:32][WHMCS Installer] INFO: Applying Updates for 7.5.0-beta.1 []
[2019-10-16 10:40:32][WHMCS Installer] INFO: Removing any obsolete file and directories []
[2019-10-16 10:40:32][WHMCS Installer] INFO: Applying Updates for 7.5.0-rc.1 []
[2019-10-16 10:40:32][WHMCS Installer] INFO: Performing Update Action: checkForSpacesInAdminUsername []
[2019-10-16 10:40:32][WHMCS Installer] INFO: Performing Update Action: renameMergeFieldsInUpcomingDomainRenewalNoticeEmailTemplate []
[2019-10-16 10:40:32][WHMCS Installer] INFO: Removing any obsolete file and directories []
[2019-10-16 10:40:32][WHMCS Installer] INFO: Applying Updates for 7.5.0-release.1 []
[2019-10-16 10:40:32][WHMCS Installer] INFO: Performing Update Action: addInvoiceModifiedEmail []
[2019-10-16 10:40:32][WHMCS Installer] INFO: Removing any obsolete file and directories []
[2019-10-16 10:40:32][WHMCS Installer] INFO: Applying Updates for 7.5.1-release.1 []
[2019-10-16 10:40:33][WHMCS Installer] INFO: Removing any obsolete file and directories []
[2019-10-16 10:40:33][WHMCS Installer] INFO: Applying Updates for 7.5.1-release.2 []
[2019-10-16 10:40:33][WHMCS Installer] INFO: Removing any obsolete file and directories []
[2019-10-16 10:40:33][WHMCS Installer] INFO: Applying Updates for 7.5.2-release.1 []
[2019-10-16 10:40:33][WHMCS Installer] INFO: Removing any obsolete file and directories []
[2019-10-16 10:40:33][WHMCS Installer] INFO: Applying Updates for 7.5.3-release.1 []
[2019-10-16 10:40:33][WHMCS Installer] INFO: Removing any obsolete file and directories []
[2019-10-16 10:40:33][WHMCS Installer] INFO: Applying Updates for 7.6.0-alpha.1 []
[2019-10-16 10:40:33][WHMCS Installer] INFO: Performing Update Action: removeUnusedLegacyModules []
[2019-10-16 10:40:33][WHMCS Installer] INFO: Performing Update Action: conditionallyUpdate2CheckoutVariables []
[2019-10-16 10:40:33][WHMCS Installer] INFO: Performing Update Action: addServiceRenewalFailedAdminEmailTemplate []
[2019-10-16 10:40:33][WHMCS Installer] INFO: Performing Update Action: addDomainTransferCompletedEmailTemplate []
[2019-10-16 10:40:33][WHMCS Installer] INFO: Performing Update Action: conditionallyCreateMaxMindPaymentTable []
[2019-10-16 10:40:33][WHMCS Installer] INFO: Performing Update Action: conditionallyActivateNewWeeblyPlans []
[2019-10-16 10:40:33][WHMCS Installer] INFO: Performing Update Action: updateWhmcsWhoisToWhmcsDomains []
[2019-10-16 10:40:33][WHMCS Installer] INFO: Performing Update Action: conditionallyUpdateMaxMindTableValues []
[2019-10-16 10:40:33][WHMCS Installer] INFO: Removing any obsolete file and directories []
[2019-10-16 10:40:33][WHMCS Installer] INFO: Applying Updates for 7.6.0-beta.1 []
[2019-10-16 10:40:33][WHMCS Installer] INFO: Removing any obsolete file and directories []
[2019-10-16 10:40:33][WHMCS Installer] INFO: Applying Updates for 7.6.0-rc.1 []
[2019-10-16 10:40:33][WHMCS Installer] INFO: Removing any obsolete file and directories []
[2019-10-16 10:40:33][WHMCS Installer] INFO: Applying Updates for 7.6.0-release.1 []
[2019-10-16 10:40:33][WHMCS Installer] INFO: Performing Update Action: addNewCronTasks []
[2019-10-16 10:40:33][WHMCS Installer] INFO: Performing Update Action: removeUnusedLegacyModules []
[2019-10-16 10:40:33][WHMCS Installer] INFO: Performing Update Action: storeCaptchaForms []
[2019-10-16 10:40:33][WHMCS Installer] INFO: Removing any obsolete file and directories []
[2019-10-16 10:40:33][WHMCS Installer] INFO: Applying Updates for 7.6.1-release.1 []
[2019-10-16 10:40:33][WHMCS Installer] INFO: Performing Update Action: correctWhmcsWhoisToWhmcsDomains []
[2019-10-16 10:40:33][WHMCS Installer] INFO: Performing Update Action: ensureDomainSyncTasksAreRegistered []
[2019-10-16 10:40:33][WHMCS Installer] INFO: Removing any obsolete file and directories []
[2019-10-16 10:40:33][WHMCS Installer] INFO: Applying Updates for 7.6.2-release.1 []
[2019-10-16 10:40:33][WHMCS Installer] INFO: Removing any obsolete file and directories []
[2019-10-16 10:40:33][WHMCS Installer] INFO: Applying Updates for 7.7.0-alpha.1 []
[2019-10-16 10:40:34][WHMCS Installer] INFO: Performing Update Action: addPrimaryKeysToTables []
[2019-10-16 10:40:49][WHMCS Installer] INFO: Performing Update Action: migrateEUVatAddon []
[2019-10-16 10:40:49][WHMCS Installer] INFO: Performing Update Action: createInvoiceDataTable []
[2019-10-16 10:40:49][WHMCS Installer] INFO: Performing Update Action: correctSpamExpertsEmailTemplate []
[2019-10-16 10:40:49][WHMCS Installer] INFO: Performing Update Action: migrateStorageConfigurations []
[2019-10-16 10:40:49][WHMCS Installer] ERROR: Upgrade process terminated due to error. []
[2019-10-16 10:51:28][WHMCS Installer] DEBUG: Installer bootstrapped []
[2019-10-16 10:51:32][WHMCS Installer] DEBUG: Installer bootstrapped []
[2019-10-16 10:51:32][WHMCS Installer] INFO: Previous install detected []
[2019-10-16 10:51:32][WHMCS Installer] DEBUG: An upgrade from 7.6.2-release.1 to 7.7.1-release.1 will be attempted. []
[2019-10-16 10:51:37][WHMCS Installer] DEBUG: Installer bootstrapped []
[2019-10-16 10:51:37][WHMCS Installer] INFO: Applying incremental updates to existing installation []
[2019-10-16 10:51:37][WHMCS Installer] INFO: Applying Updates for 7.7.0-alpha.1 []
[2019-10-16 10:51:37][WHMCS Installer] INFO: Performing Update Action: addPrimaryKeysToTables []
[2019-10-16 10:51:39][WHMCS Installer] INFO: Performing Update Action: migrateEUVatAddon []
[2019-10-16 10:51:39][WHMCS Installer] INFO: Performing Update Action: createInvoiceDataTable []
[2019-10-16 10:51:39][WHMCS Installer] INFO: Performing Update Action: correctSpamExpertsEmailTemplate []
[2019-10-16 10:51:39][WHMCS Installer] INFO: Performing Update Action: migrateStorageConfigurations []
[2019-10-16 10:51:41][WHMCS Installer] INFO: Performing Update Action: updateRecaptchaOptions []
[2019-10-16 10:51:41][WHMCS Installer] INFO: Performing Update Action: createSslStatusTable []
[2019-10-16 10:51:41][WHMCS Installer] INFO: Performing Update Action: createTransactionHistoryTable []
[2019-10-16 10:51:41][WHMCS Installer] INFO: Removing any obsolete file and directories []
[2019-10-16 10:51:41][WHMCS Installer] INFO: Applying Updates for 7.7.0-beta.1 []
[2019-10-16 10:51:41][WHMCS Installer] INFO: Performing Update Action: updateSpamExpertsWelcomeEmail []
[2019-10-16 10:51:41][WHMCS Installer] INFO: Performing Update Action: createCodeGuardWelcomeEmail []
[2019-10-16 10:51:42][WHMCS Installer] INFO: Removing any obsolete file and directories []
[2019-10-16 10:51:42][WHMCS Installer] INFO: Applying Updates for 7.7.0-rc.1 []
[2019-10-16 10:51:42][WHMCS Installer] INFO: Performing Update Action: removeUnusedLegacyModules []
[2019-10-16 10:51:42][WHMCS Installer] INFO: Removing any obsolete file and directories []
[2019-10-16 10:51:42][WHMCS Installer] INFO: Applying Updates for 7.7.0-release.1 []
[2019-10-16 10:51:42][WHMCS Installer] INFO: Performing Update Action: registerSslStatusSyncCronTask []
[2019-10-16 10:51:43][WHMCS Installer] INFO: Removing any obsolete file and directories []
[2019-10-16 10:51:43][WHMCS Installer] INFO: Applying Updates for 7.7.1-release.1 []
[2019-10-16 10:51:43][WHMCS Installer] INFO: Performing Update Action: addIndexToSslSyncTable []
[2019-10-16 10:51:44][WHMCS Installer] INFO: Removing any obsolete file and directories []
[2019-10-16 10:51:44][WHMCS Installer] INFO: Upgrade process completed. []
